ParseStarterProject/build/intermediates/manifest_merge_blame_file/debug/manifest-merger-blame-debug-report.txt
1<?xml version="1.0" encoding="utf-8"?>
2<manifest xmlns:android="http://schemas.android.com/apk/res/android"
3    package="com.parse.starter"
4    android:versionCode="1"
5    android:versionName="1.0" >
6
7    <uses-sdk
8        android:minSdkVersion="14"
8-->src\main\AndroidManifest.xml
9        android:targetSdkVersion="23" />
9-->src\main\AndroidManifest.xml
10
11    <!--
12         The ACCESS_COARSE/FINE_LOCATION permissions are not required to use
13         Google Maps Android API v2, but you must specify either coarse or fine
14         location permissions for the 'MyLocation' functionality.
15    -->
16    <uses-permission android:name="android.permission.ACCESS_FINE_LOCATION" />
16-->src\main\AndroidManifest.xml:10:5-79
16-->src\main\AndroidManifest.xml:10:22-76
17    <uses-permission android:name="android.permission.INTERNET" />
17-->src\main\AndroidManifest.xml:11:5-67
17-->src\main\AndroidManifest.xml:11:22-64
18    <uses-permission android:name="android.permission.ACCESS_NETWORK_STATE" />
18-->src\main\AndroidManifest.xml:12:5-79
18-->src\main\AndroidManifest.xml:12:22-76
19    <uses-permission android:name="android.permission.READ_EXTERNAL_STORAGE" />
19-->src\main\AndroidManifest.xml:13:5-80
19-->src\main\AndroidManifest.xml:13:22-77
20
21    <!-- Optional permission for Analytics to run. -->
22    <uses-permission android:name="android.permission.WAKE_LOCK" /> <!-- Required by older versions of Google Play services to create GCM registration tokens -->
22-->[com.google.android.gms:play-services-analytics:12.0.1] AndroidManifest.xml:27:5-68
22-->[com.google.android.gms:play-services-analytics:12.0.1] AndroidManifest.xml:27:22-65
23    <uses-permission android:name="com.google.android.c2dm.permission.RECEIVE" />
23-->[com.google.android.gms:play-services-gcm:12.0.1] AndroidManifest.xml:23:5-82
23-->[com.google.android.gms:play-services-gcm:12.0.1] AndroidManifest.xml:23:22-79
24
25    <uses-feature
25-->[com.google.android.gms:play-services-maps:12.0.1] AndroidManifest.xml:26:5-28:35
26        android:glEsVersion="0x00020000"
26-->[com.google.android.gms:play-services-maps:12.0.1] AndroidManifest.xml:27:9-41
27        android:required="true" />
27-->[com.google.android.gms:play-services-maps:12.0.1] AndroidManifest.xml:28:9-32
28
29    <permission
29-->[com.google.firebase:firebase-iid:12.0.1] AndroidManifest.xml:28:5-30:47
30        android:name="com.parse.starter.permission.C2D_MESSAGE"
30-->[com.google.firebase:firebase-iid:12.0.1] AndroidManifest.xml:29:9-63
31        android:protectionLevel="signature" />
31-->[com.google.firebase:firebase-iid:12.0.1] AndroidManifest.xml:30:9-44
32
33    <uses-permission android:name="com.parse.starter.permission.C2D_MESSAGE" />
33-->[com.google.firebase:firebase-iid:12.0.1] AndroidManifest.xml:32:5-79
33-->[com.google.firebase:firebase-iid:12.0.1] AndroidManifest.xml:32:22-76
34
35    <application
35-->src\main\AndroidManifest.xml:15:5-47:19
36        android:name="com.parse.starter.StarterApplication"
36-->src\main\AndroidManifest.xml:16:9-43
37        android:allowBackup="true"
37-->src\main\AndroidManifest.xml:17:9-35
38        android:debuggable="true"
39        android:icon="@mipmap/ic_launcher"
39-->src\main\AndroidManifest.xml:18:9-43
40        android:label="@string/app_name"
40-->src\main\AndroidManifest.xml:19:9-41
41        android:testOnly="true"
42        android:theme="@style/AppTheme" >
42-->src\main\AndroidManifest.xml:20:9-40
43
44        <!--
45             The API key for Google Maps-based APIs is defined as a string resource.
46             (See the file "res/values/google_maps_api.xml").
47             Note that the API key is linked to the encryption key used to sign the APK.
48             You need a different API key for each encryption key, including the release key that is used to
49             sign the APK for publishing.
50             You can define the keys for the debug and release targets in src/debug/ and src/release/.
51        -->
52        <meta-data
52-->src\main\AndroidManifest.xml:30:9-32:55
53            android:name="com.google.android.geo.API_KEY"
53-->src\main\AndroidManifest.xml:31:13-58
54            android:value="@string/google_maps_key" />
54-->src\main\AndroidManifest.xml:32:13-52
55
56        <activity
56-->src\main\AndroidManifest.xml:34:9-36:69
57            android:name="com.parse.starter.RiderActivity"
57-->src\main\AndroidManifest.xml:35:13-42
58            android:label="@string/title_activity_rider" />
58-->src\main\AndroidManifest.xml:36:13-57
59        <activity
59-->src\main\AndroidManifest.xml:37:9-46:20
60            android:name="com.parse.starter.MainActivity"
60-->src\main\AndroidManifest.xml:38:13-41
61            android:label="@string/app_name" >
61-->src\main\AndroidManifest.xml:39:13-45
62            <intent-filter>
62-->src\main\AndroidManifest.xml:40:13-45:29
63                <action android:name="android.intent.action.MAIN" />
63-->src\main\AndroidManifest.xml:41:17-69
63-->src\main\AndroidManifest.xml:41:25-66
64                <action android:name="android.intent.action.VIEW" />
64-->src\main\AndroidManifest.xml:42:17-69
64-->src\main\AndroidManifest.xml:42:25-66
65
66                <category android:name="android.intent.category.LAUNCHER" />
66-->src\main\AndroidManifest.xml:44:17-77
66-->src\main\AndroidManifest.xml:44:27-74
67            </intent-filter>
68        </activity>
69
70        <receiver android:name="com.google.android.gms.cast.framework.media.MediaIntentReceiver" />
70-->[com.google.android.gms:play-services-cast-framework:12.0.1] AndroidManifest.xml:8:9-100
70-->[com.google.android.gms:play-services-cast-framework:12.0.1] AndroidManifest.xml:8:19-97
71
72        <service android:name="com.google.android.gms.cast.framework.media.MediaNotificationService" />
72-->[com.google.android.gms:play-services-cast-framework:12.0.1] AndroidManifest.xml:10:9-104
72-->[com.google.android.gms:play-services-cast-framework:12.0.1] AndroidManifest.xml:10:18-101
73        <service android:name="com.google.android.gms.cast.framework.ReconnectionService" />
73-->[com.google.android.gms:play-services-cast-framework:12.0.1] AndroidManifest.xml:11:9-93
73-->[com.google.android.gms:play-services-cast-framework:12.0.1] AndroidManifest.xml:11:18-90
74
75        <meta-data
75-->[com.android.support:mediarouter-v7:26.1.0] AndroidManifest.xml:23:9-25:38
76            android:name="android.support.VERSION"
76-->[com.android.support:mediarouter-v7:26.1.0] AndroidManifest.xml:24:13-51
77            android:value="26.1.0" /> <!-- Include the AdActivity and InAppPurchaseActivity configChanges and themes. -->
77-->[com.android.support:mediarouter-v7:26.1.0] AndroidManifest.xml:25:13-35
78        <activity
78-->[com.google.android.gms:play-services-ads-lite:12.0.1] AndroidManifest.xml:29:9-33:64
79            android:name="com.google.android.gms.ads.AdActivity"
79-->[com.google.android.gms:play-services-ads-lite:12.0.1] AndroidManifest.xml:30:13-65
80            android:configChanges="keyboard|keyboardHidden|orientation|screenLayout|uiMode|screenSize|smallestScreenSize"
80-->[com.google.android.gms:play-services-ads-lite:12.0.1] AndroidManifest.xml:31:13-122
81            android:exported="false"
81-->[com.google.android.gms:play-services-ads-lite:12.0.1] AndroidManifest.xml:32:13-37
82            android:theme="@android:style/Theme.Translucent" />
82-->[com.google.android.gms:play-services-ads-lite:12.0.1] AndroidManifest.xml:33:13-61
83
84        <receiver
84-->[com.google.android.gms:play-services-analytics:12.0.1] AndroidManifest.xml:30:9-34:20
85            android:name="com.google.android.gms.analytics.AnalyticsReceiver"
85-->[com.google.android.gms:play-services-analytics:12.0.1] AndroidManifest.xml:31:13-78
86            android:enabled="true"
86-->[com.google.android.gms:play-services-analytics:12.0.1] AndroidManifest.xml:32:13-35
87            android:exported="false" >
87-->[com.google.android.gms:play-services-analytics:12.0.1] AndroidManifest.xml:33:13-37
88        </receiver>
89
90        <service
90-->[com.google.android.gms:play-services-analytics:12.0.1] AndroidManifest.xml:36:9-39:40
91            android:name="com.google.android.gms.analytics.AnalyticsService"
91-->[com.google.android.gms:play-services-analytics:12.0.1] AndroidManifest.xml:37:13-77
92            android:enabled="true"
92-->[com.google.android.gms:play-services-analytics:12.0.1] AndroidManifest.xml:38:13-35
93            android:exported="false" />
93-->[com.google.android.gms:play-services-analytics:12.0.1] AndroidManifest.xml:39:13-37
94        <service
94-->[com.google.android.gms:play-services-analytics:12.0.1] AndroidManifest.xml:40:9-44:72
95            android:name="com.google.android.gms.analytics.AnalyticsJobService"
95-->[com.google.android.gms:play-services-analytics:12.0.1] AndroidManifest.xml:41:13-80
96            android:enabled="true"
96-->[com.google.android.gms:play-services-analytics:12.0.1] AndroidManifest.xml:42:13-35
97            android:exported="false"
97-->[com.google.android.gms:play-services-analytics:12.0.1] AndroidManifest.xml:43:13-37
98            android:permission="android.permission.BIND_JOB_SERVICE" />
98-->[com.google.android.gms:play-services-analytics:12.0.1] AndroidManifest.xml:44:13-69
99
100        <activity
100-->[com.google.android.gms:play-services-appinvite:12.0.1] AndroidManifest.xml:25:9-34:20
101            android:name="com.google.android.gms.appinvite.PreviewActivity"
101-->[com.google.android.gms:play-services-appinvite:12.0.1] AndroidManifest.xml:26:13-76
102            android:exported="true"
102-->[com.google.android.gms:play-services-appinvite:12.0.1] AndroidManifest.xml:27:13-36
103            android:theme="@style/Theme.AppInvite.Preview" >
103-->[com.google.android.gms:play-services-appinvite:12.0.1] AndroidManifest.xml:28:13-59
104            <intent-filter>
104-->[com.google.android.gms:play-services-appinvite:12.0.1] AndroidManifest.xml:29:13-33:29
105                <action android:name="com.google.android.gms.appinvite.ACTION_PREVIEW" />
105-->[com.google.android.gms:play-services-appinvite:12.0.1] AndroidManifest.xml:30:17-90
105-->[com.google.android.gms:play-services-appinvite:12.0.1] AndroidManifest.xml:30:25-87
106
107                <category android:name="android.intent.category.DEFAULT" />
107-->[com.google.android.gms:play-services-appinvite:12.0.1] AndroidManifest.xml:32:17-76
107-->[com.google.android.gms:play-services-appinvite:12.0.1] AndroidManifest.xml:32:27-73
108            </intent-filter>
109        </activity>
110        <activity
110-->[com.google.android.gms:play-services-auth:12.0.1] AndroidManifest.xml:23:9-27:75
111            android:name="com.google.android.gms.auth.api.signin.internal.SignInHubActivity"
111-->[com.google.android.gms:play-services-auth:12.0.1] AndroidManifest.xml:24:13-93
112            android:excludeFromRecents="true"
112-->[com.google.android.gms:play-services-auth:12.0.1] AndroidManifest.xml:25:13-46
113            android:exported="false"
113-->[com.google.android.gms:play-services-auth:12.0.1] AndroidManifest.xml:26:13-37
114            android:theme="@android:style/Theme.Translucent.NoTitleBar" />
114-->[com.google.android.gms:play-services-auth:12.0.1] AndroidManifest.xml:27:13-72
115        <!--
116            Service handling Google Sign-In user revocation. For apps that do not integrate with
117            Google Sign-In, this service will never be started.
118        -->
119        <service
119-->[com.google.android.gms:play-services-auth:12.0.1] AndroidManifest.xml:33:9-36:110
120            android:name="com.google.android.gms.auth.api.signin.RevocationBoundService"
120-->[com.google.android.gms:play-services-auth:12.0.1] AndroidManifest.xml:34:13-89
121            android:exported="true"
121-->[com.google.android.gms:play-services-auth:12.0.1] AndroidManifest.xml:35:13-36
122            android:permission="com.google.android.gms.auth.api.signin.permission.REVOCATION_NOTIFICATION" />
122-->[com.google.android.gms:play-services-auth:12.0.1] AndroidManifest.xml:36:13-107
123
124        <activity
124-->[com.google.firebase:firebase-auth:12.0.1] AndroidManifest.xml:23:9-29:75
125            android:name="com.google.firebase.auth.internal.FederatedSignInActivity"
125-->[com.google.firebase:firebase-auth:12.0.1] AndroidManifest.xml:24:13-85
126            android:excludeFromRecents="true"
126-->[com.google.firebase:firebase-auth:12.0.1] AndroidManifest.xml:25:13-46
127            android:exported="true"
127-->[com.google.firebase:firebase-auth:12.0.1] AndroidManifest.xml:26:13-36
128            android:launchMode="singleInstance"
128-->[com.google.firebase:firebase-auth:12.0.1] AndroidManifest.xml:27:13-48
129            android:permission="com.google.firebase.auth.api.gms.permission.LAUNCH_FEDERATED_SIGN_IN"
129-->[com.google.firebase:firebase-auth:12.0.1] AndroidManifest.xml:28:13-102
130            android:theme="@android:style/Theme.Translucent.NoTitleBar" />
130-->[com.google.firebase:firebase-auth:12.0.1] AndroidManifest.xml:29:13-72
131        <activity
131-->[com.google.android.gms:play-services-base:12.0.1] AndroidManifest.xml:23:9-26:75
132            android:name="com.google.android.gms.common.api.GoogleApiActivity"
132-->[com.google.android.gms:play-services-base:12.0.1] AndroidManifest.xml:24:13-79
133            android:exported="false"
133-->[com.google.android.gms:play-services-base:12.0.1] AndroidManifest.xml:25:13-37
134            android:theme="@android:style/Theme.Translucent.NoTitleBar" />
134-->[com.google.android.gms:play-services-base:12.0.1] AndroidManifest.xml:26:13-72
135        <!--
136             FirebaseMessagingService performs security checks at runtime,
137             no need for explicit permissions despite exported="true"
138        -->
139        <service
139-->[com.google.firebase:firebase-messaging:12.0.1] AndroidManifest.xml:28:9-34:19
140            android:name="com.google.firebase.messaging.FirebaseMessagingService"
140-->[com.google.firebase:firebase-messaging:12.0.1] AndroidManifest.xml:29:13-82
141            android:exported="true" >
141-->[com.google.firebase:firebase-messaging:12.0.1] AndroidManifest.xml:30:13-36
142            <intent-filter android:priority="-500" >
142-->[com.google.firebase:firebase-messaging:12.0.1] AndroidManifest.xml:31:13-33:29
142-->[com.google.firebase:firebase-messaging:12.0.1] AndroidManifest.xml:31:28-51
143                <action android:name="com.google.firebase.MESSAGING_EVENT" />
143-->[com.google.firebase:firebase-messaging:12.0.1] AndroidManifest.xml:32:17-78
143-->[com.google.firebase:firebase-messaging:12.0.1] AndroidManifest.xml:32:25-75
144            </intent-filter>
145        </service>
146        <service
146-->[com.google.android.gms:play-services-tagmanager-api:12.0.1] AndroidManifest.xml:27:9-30:40
147            android:name="com.google.android.gms.tagmanager.TagManagerService"
147-->[com.google.android.gms:play-services-tagmanager-api:12.0.1] AndroidManifest.xml:28:13-79
148            android:enabled="true"
148-->[com.google.android.gms:play-services-tagmanager-api:12.0.1] AndroidManifest.xml:29:13-35
149            android:exported="false" />
149-->[com.google.android.gms:play-services-tagmanager-api:12.0.1] AndroidManifest.xml:30:13-37
150
151        <activity
151-->[com.google.android.gms:play-services-tagmanager-api:12.0.1] AndroidManifest.xml:32:9-44:20
152            android:name="com.google.android.gms.tagmanager.TagManagerPreviewActivity"
152-->[com.google.android.gms:play-services-tagmanager-api:12.0.1] AndroidManifest.xml:33:13-87
153            android:exported="true"
153-->[com.google.android.gms:play-services-tagmanager-api:12.0.1] AndroidManifest.xml:34:13-36
154            android:noHistory="true" > <!-- optional, removes the previewActivity from the activity stack. -->
154-->[com.google.android.gms:play-services-tagmanager-api:12.0.1] AndroidManifest.xml:35:13-37
155            <intent-filter>
155-->[com.google.android.gms:play-services-tagmanager-api:12.0.1] AndroidManifest.xml:36:13-43:29
156                <data android:scheme="tagmanager.c.com.parse.starter" />
156-->[com.google.android.gms:play-services-tagmanager-api:12.0.1] AndroidManifest.xml:37:17-72
156-->[com.google.android.gms:play-services-tagmanager-api:12.0.1] AndroidManifest.xml:37:23-69
157
158                <action android:name="android.intent.action.VIEW" />
158-->src\main\AndroidManifest.xml:42:17-69
158-->src\main\AndroidManifest.xml:42:25-66
159
160                <category android:name="android.intent.category.DEFAULT" />
160-->[com.google.android.gms:play-services-appinvite:12.0.1] AndroidManifest.xml:32:17-76
160-->[com.google.android.gms:play-services-appinvite:12.0.1] AndroidManifest.xml:32:27-73
161                <category android:name="android.intent.category.BROWSABLE" />
161-->[com.google.android.gms:play-services-tagmanager-api:12.0.1] AndroidManifest.xml:42:17-78
161-->[com.google.android.gms:play-services-tagmanager-api:12.0.1] AndroidManifest.xml:42:27-75
162            </intent-filter>
163        </activity>
164
165        <receiver
165-->[com.google.firebase:firebase-analytics:12.0.1] AndroidManifest.xml:28:9-32:20
166            android:name="com.google.android.gms.measurement.AppMeasurementReceiver"
166-->[com.google.firebase:firebase-analytics:12.0.1] AndroidManifest.xml:29:13-85
167            android:enabled="true"
167-->[com.google.firebase:firebase-analytics:12.0.1] AndroidManifest.xml:30:13-35
168            android:exported="false" >
168-->[com.google.firebase:firebase-analytics:12.0.1] AndroidManifest.xml:31:13-37
169        </receiver>
170        <receiver
170-->[com.google.firebase:firebase-analytics:12.0.1] AndroidManifest.xml:33:9-41:20
171            android:name="com.google.android.gms.measurement.AppMeasurementInstallReferrerReceiver"
171-->[com.google.firebase:firebase-analytics:12.0.1] AndroidManifest.xml:34:13-100
172            android:enabled="true"
172-->[com.google.firebase:firebase-analytics:12.0.1] AndroidManifest.xml:35:13-35
173            android:exported="true"
173-->[com.google.firebase:firebase-analytics:12.0.1] AndroidManifest.xml:36:13-36
174            android:permission="android.permission.INSTALL_PACKAGES" >
174-->[com.google.firebase:firebase-analytics:12.0.1] AndroidManifest.xml:37:13-69
175            <intent-filter>
175-->[com.google.firebase:firebase-analytics:12.0.1] AndroidManifest.xml:38:13-40:29
176                <action android:name="com.android.vending.INSTALL_REFERRER" />
176-->[com.google.firebase:firebase-analytics:12.0.1] AndroidManifest.xml:39:17-79
176-->[com.google.firebase:firebase-analytics:12.0.1] AndroidManifest.xml:39:25-76
177            </intent-filter>
178        </receiver>
179
180        <service
180-->[com.google.firebase:firebase-analytics:12.0.1] AndroidManifest.xml:43:9-46:40
181            android:name="com.google.android.gms.measurement.AppMeasurementService"
181-->[com.google.firebase:firebase-analytics:12.0.1] AndroidManifest.xml:44:13-84
182            android:enabled="true"
182-->[com.google.firebase:firebase-analytics:12.0.1] AndroidManifest.xml:45:13-35
183            android:exported="false" />
183-->[com.google.firebase:firebase-analytics:12.0.1] AndroidManifest.xml:46:13-37
184        <service
184-->[com.google.firebase:firebase-analytics:12.0.1] AndroidManifest.xml:47:9-51:72
185            android:name="com.google.android.gms.measurement.AppMeasurementJobService"
185-->[com.google.firebase:firebase-analytics:12.0.1] AndroidManifest.xml:48:13-87
186            android:enabled="true"
186-->[com.google.firebase:firebase-analytics:12.0.1] AndroidManifest.xml:49:13-35
187            android:exported="false"
187-->[com.google.firebase:firebase-analytics:12.0.1] AndroidManifest.xml:50:13-37
188            android:permission="android.permission.BIND_JOB_SERVICE" />
188-->[com.google.firebase:firebase-analytics:12.0.1] AndroidManifest.xml:51:13-69
189
190        <receiver
190-->[com.google.firebase:firebase-iid:12.0.1] AndroidManifest.xml:35:9-44:20
191            android:name="com.google.firebase.iid.FirebaseInstanceIdReceiver"
191-->[com.google.firebase:firebase-iid:12.0.1] AndroidManifest.xml:36:13-78
192            android:exported="true"
192-->[com.google.firebase:firebase-iid:12.0.1] AndroidManifest.xml:37:13-36
193            android:permission="com.google.android.c2dm.permission.SEND" >
193-->[com.google.firebase:firebase-iid:12.0.1] AndroidManifest.xml:38:13-73
194            <intent-filter>
194-->[com.google.firebase:firebase-iid:12.0.1] AndroidManifest.xml:39:13-43:29
195                <action android:name="com.google.android.c2dm.intent.RECEIVE" />
195-->[com.google.firebase:firebase-iid:12.0.1] AndroidManifest.xml:40:17-81
195-->[com.google.firebase:firebase-iid:12.0.1] AndroidManifest.xml:40:25-78
196
197                <category android:name="com.parse.starter" />
197-->[com.google.firebase:firebase-iid:12.0.1] AndroidManifest.xml:42:17-61
197-->[com.google.firebase:firebase-iid:12.0.1] AndroidManifest.xml:42:27-58
198            </intent-filter>
199        </receiver>
200        <!--
201             FirebaseInstanceIdService performs security checks at runtime,
202             no need for explicit permissions despite exported="true"
203        -->
204        <service
204-->[com.google.firebase:firebase-iid:12.0.1] AndroidManifest.xml:50:9-56:19
205            android:name="com.google.firebase.iid.FirebaseInstanceIdService"
205-->[com.google.firebase:firebase-iid:12.0.1] AndroidManifest.xml:51:13-77
206            android:exported="true" >
206-->[com.google.firebase:firebase-iid:12.0.1] AndroidManifest.xml:52:13-36
207            <intent-filter android:priority="-500" >
207-->[com.google.firebase:firebase-iid:12.0.1] AndroidManifest.xml:53:13-55:29
207-->[com.google.firebase:firebase-iid:12.0.1] AndroidManifest.xml:53:28-51
208                <action android:name="com.google.firebase.INSTANCE_ID_EVENT" />
208-->[com.google.firebase:firebase-iid:12.0.1] AndroidManifest.xml:54:17-80
208-->[com.google.firebase:firebase-iid:12.0.1] AndroidManifest.xml:54:25-77
209            </intent-filter>
210        </service>
211
212        <provider
212-->[com.google.firebase:firebase-common:12.0.1] AndroidManifest.xml:8:9-12:39
213            android:name="com.google.firebase.provider.FirebaseInitProvider"
213-->[com.google.firebase:firebase-common:12.0.1] AndroidManifest.xml:9:13-77
214            android:authorities="com.parse.starter.firebaseinitprovider"
214-->[com.google.firebase:firebase-common:12.0.1] AndroidManifest.xml:10:13-72
215            android:exported="false"
215-->[com.google.firebase:firebase-common:12.0.1] AndroidManifest.xml:11:13-37
216            android:initOrder="100" />
216-->[com.google.firebase:firebase-common:12.0.1] AndroidManifest.xml:12:13-36
217
218        <meta-data
218-->[com.google.android.gms:play-services-basement:12.0.1] AndroidManifest.xml:23:9-25:69
219            android:name="com.google.android.gms.version"
219-->[com.google.android.gms:play-services-basement:12.0.1] AndroidManifest.xml:24:13-58
220            android:value="@integer/google_play_services_version" />
220-->[com.google.android.gms:play-services-basement:12.0.1] AndroidManifest.xml:25:13-66
221        <meta-data
221-->[android.arch.lifecycle:runtime:1.0.0] AndroidManifest.xml:25:9-27:47
222            android:name="android.arch.lifecycle.VERSION"
222-->[android.arch.lifecycle:runtime:1.0.0] AndroidManifest.xml:26:13-58
223            android:value="27.0.0-SNAPSHOT" />
223-->[android.arch.lifecycle:runtime:1.0.0] AndroidManifest.xml:27:13-44
224    </application>
225
226</manifest>